<?xml version="1.0" encoding="UTF-8"?>
<!-- Generated by org.testng.reporters.JUnitReportReporter -->
<testsuite hostname="Parikshit" failures="0" tests="1" name="org.google.search.Mobiles" time="9.355" errors="0" timestamp="2024-05-15T16:42:48 IST" skipped="0">
  <testcase classname="org.google.search.Mobiles" name="getMobiles" time="9.355"/>
</testsuite> <!-- org.google.search.Mobiles -->
